Running: C:\software\electronica\xilinx\14.1\ISE_DS\ISE\bin\nt64\unwrapped\fuse.exe -intstyle ise -incremental -o C:/hlocal/Practica1/tb_sumador_isim_beh.exe -prj C:/hlocal/Practica1/tb_sumador_beh.prj work.tb_sumador 
ISim P.15xf (signature 0xc3576ebc)
Number of CPUs detected in this system: 8
Turning on mult-threading, number of parallel sub-compilation jobs: 16 
Determining compilation order of HDL files
Parsing VHDL file "C:/hlocal/Practica1/sumador.vhd" into library work
Parsing VHDL file "C:/hlocal/Practica1/simsum.vhd" into library work
Starting static elaboration
Completed static elaboration
Compiling package standard
Compiling package std_logic_1164
Compiling package textio
Compiling package numeric_std
Compiling architecture rtl of entity sumador [sumador_default]
Compiling architecture beh of entity tb_sumador
Time Resolution for simulation is 1ps.
Waiting for 1 sub-compilation(s) to finish...
Compiled 7 VHDL Units
Built simulation executable C:/hlocal/Practica1/tb_sumador_isim_beh.exe
Fuse Memory Usage: 36768 KB
Fuse CPU Usage: 358 ms
